Using pre-set license
Built from '2020.3/staging' branch; Version is '2020.3.8f1 (507919d4fff5) revision 5273881'; Using compiler version '192528614'; Build Type 'Release'
OS: 'Windows 10 Home; OS build 19041.508; Version 2004; 64bit' Language: 'en' Physical Memory: 32715 MB
BatchMode: 1, IsHumanControllingUs: 0, StartBugReporterOnCrash: 0, Is64bit: 1, IsPro: 0

 COMMAND LINE ARGUMENTS:
C:\Program Files\Unity Installs\2020.3.8f1\Editor\Unity.exe
-adb2
-batchMode
-noUpm
-name
AssetImportWorker0
-projectPath
C:/Users/hunte/Documents/Unity Projects/ProjectTethered
-logFile
Logs/AssetImportWorker0.log
-srvPort
64860
Successfully changed project path to: C:/Users/hunte/Documents/Unity Projects/ProjectTethered
C:/Users/hunte/Documents/Unity Projects/ProjectTethered
Using Asset Import Pipeline V2.
Refreshing native plugins compatible for Editor in 28.52 ms, found 0 plugins.
Preloading 0 native plugins for Editor in 0.00 ms.
Initialize engine version: 2020.3.8f1 (507919d4fff5)
[Subsystems] Discovering subsystems at path C:/Program Files/Unity Installs/2020.3.8f1/Editor/Data/Resources/UnitySubsystems
[Subsystems] Discovering subsystems at path C:/Users/hunte/Documents/Unity Projects/ProjectTethered/Assets
GfxDevice: creating device client; threaded=0
Direct3D:
    Version:  Direct3D 11.0 [level 11.1]
    Renderer: NVIDIA GeForce RTX 2080 (ID=0x1e82)
    Vendor:   
    VRAM:     8010 MB
    Driver:   27.21.14.6627
Initialize mono
Mono path[0] = 'C:/Program Files/Unity Installs/2020.3.8f1/Editor/Data/Managed'
Mono path[1] = 'C:/Program Files/Unity Installs/2020.3.8f1/Editor/Data/MonoBleedingEdge/lib/mono/unityjit'
Mono config path = 'C:/Program Files/Unity Installs/2020.3.8f1/Editor/Data/MonoBleedingEdge/etc'
Using monoOptions --debugger-agent=transport=dt_socket,embedding=1,server=y,suspend=n,address=127.0.0.1:56344
Begin MonoManager ReloadAssembly
Registering precompiled unity dll's ...
Register platform support module: C:/Program Files/Unity Installs/2020.3.8f1/Editor/Data/PlaybackEngines/MacStandaloneSupport/UnityEditor.OSXStandalone.Extensions.dll
Register platform support module: C:/Program Files/Unity Installs/2020.3.8f1/Editor/Data/PlaybackEngines/WindowsStandaloneSupport/UnityEditor.WindowsStandalone.Extensions.dll
Registered in 0.002632 seconds.
Native extension for WindowsStandalone target not found
Native extension for OSXStandalone target not found
Refreshing native plugins compatible for Editor in 36.20 ms, found 0 plugins.
Preloading 0 native plugins for Editor in 0.00 ms.
Mono: successfully reloaded assembly
- Completed reload, in  1.276 seconds
Platform modules already initialized, skipping
Registering precompiled user dll's ...
Registered in 0.000922 seconds.
Begin MonoManager ReloadAssembly
Native extension for WindowsStandalone target not found
Native extension for OSXStandalone target not found
Refreshing native plugins compatible for Editor in 0.65 ms, found 0 plugins.
Preloading 0 native plugins for Editor in 0.00 ms.
Mono: successfully reloaded assembly
- Completed reload, in  0.970 seconds
Platform modules already initialized, skipping
========================================================================
Worker process is ready to serve import requests
Launched and connected shader compiler UnityShaderCompiler.exe after 0.05 seconds
Refreshing native plugins compatible for Editor in 0.61 ms, found 0 plugins.
Preloading 0 native plugins for Editor in 0.00 ms.
Unloading 1211 Unused Serialized files (Serialized files now loaded: 0)
System memory in use before: 60.2 MB.
System memory in use after: 60.3 MB.

Unloading 14 unused Assets to reduce memory usage. Loaded Objects now: 1659.
Total: 3.297900 ms (FindLiveObjects: 0.339600 ms CreateObjectMapping: 0.044200 ms MarkObjects: 2.806400 ms  DeleteObjects: 0.106800 ms)

========================================================================
Received Import Request.
  path: Assets/Scenes/Level3.unity
  artifactKey: Guid(6ba777bb7c6666c419dc7a1a370abed2) Importer(815301076,1909f56bfc062723c751e8b465ee728b)
Start importing Assets/Scenes/Level3.unity using Guid(6ba777bb7c6666c419dc7a1a370abed2) Importer(815301076,1909f56bfc062723c751e8b465ee728b)  -> (artifact id: 'dc0a29c047846d8e188fd5dc24400d1c') in 0.014003 seconds
  Import took 0.017258 seconds .

========================================================================
Received Import Request.
  Time since last request: 5.298605 seconds.
  path: Assets/Scenes/Level4.unity
  artifactKey: Guid(91d96081edf13924db2fd07cf343bbbe) Importer(815301076,1909f56bfc062723c751e8b465ee728b)
Start importing Assets/Scenes/Level4.unity using Guid(91d96081edf13924db2fd07cf343bbbe) Importer(815301076,1909f56bfc062723c751e8b465ee728b)  -> (artifact id: '4c9e0988f90016c4b640f702327e30ae') in 0.002673 seconds
  Import took 0.005749 seconds .

========================================================================
Received Import Request.
  Time since last request: 11.951256 seconds.
  path: Assets/Scenes/Level5.unity
  artifactKey: Guid(33f8921c3a569d442a1629cb75560759) Importer(815301076,1909f56bfc062723c751e8b465ee728b)
Start importing Assets/Scenes/Level5.unity using Guid(33f8921c3a569d442a1629cb75560759) Importer(815301076,1909f56bfc062723c751e8b465ee728b)  -> (artifact id: 'b7853045ea16232321fc316e4995562a') in 0.002572 seconds
  Import took 0.005697 seconds .

========================================================================
Received Import Request.
  Time since last request: 0.000686 seconds.
  path: Assets/Scenes/Level5.unity
  artifactKey: Guid(33f8921c3a569d442a1629cb75560759) Importer(815301076,1909f56bfc062723c751e8b465ee728b)
Start importing Assets/Scenes/Level5.unity using Guid(33f8921c3a569d442a1629cb75560759) Importer(815301076,1909f56bfc062723c751e8b465ee728b)  -> (artifact id: 'b7853045ea16232321fc316e4995562a') in 0.001919 seconds
  Import took 0.003701 seconds .

========================================================================
Received Prepare
Registering precompiled user dll's ...
Registered in 0.001057 seconds.
Begin MonoManager ReloadAssembly
Native extension for WindowsStandalone target not found
Native extension for OSXStandalone target not found
Refreshing native plugins compatible for Editor in 0.59 ms, found 0 plugins.
Preloading 0 native plugins for Editor in 0.00 ms.
Mono: successfully reloaded assembly
- Completed reload, in  0.927 seconds
Platform modules already initialized, skipping
Refreshing native plugins compatible for Editor in 0.38 ms, found 0 plugins.
Preloading 0 native plugins for Editor in 0.00 ms.
Unloading 1206 Unused Serialized files (Serialized files now loaded: 0)
System memory in use before: 60.2 MB.
System memory in use after: 60.3 MB.

Unloading 5 unused Assets to reduce memory usage. Loaded Objects now: 1662.
Total: 2.791800 ms (FindLiveObjects: 0.334700 ms CreateObjectMapping: 0.046600 ms MarkObjects: 2.347600 ms  DeleteObjects: 0.061900 ms)

AssetImportWorkerClient::OnTransportError - code=2 error=End of file
