Using pre-set license
Built from '2020.3/staging' branch; Version is '2020.3.8f1 (507919d4fff5) revision 5273881'; Using compiler version '192528614'; Build Type 'Release'
OS: 'Windows 10 Home; OS build 19041.508; Version 2004; 64bit' Language: 'en' Physical Memory: 32715 MB
BatchMode: 1, IsHumanControllingUs: 0, StartBugReporterOnCrash: 0, Is64bit: 1, IsPro: 0

 COMMAND LINE ARGUMENTS:
C:\Program Files\Unity Installs\2020.3.8f1\Editor\Unity.exe
-adb2
-batchMode
-noUpm
-name
AssetImportWorker1
-projectPath
C:/Users/hunte/Documents/Unity Projects/ProjectTethered
-logFile
Logs/AssetImportWorker1.log
-srvPort
51187
Successfully changed project path to: C:/Users/hunte/Documents/Unity Projects/ProjectTethered
C:/Users/hunte/Documents/Unity Projects/ProjectTethered
Using Asset Import Pipeline V2.
Refreshing native plugins compatible for Editor in 22.53 ms, found 0 plugins.
Preloading 0 native plugins for Editor in 0.00 ms.
Initialize engine version: 2020.3.8f1 (507919d4fff5)
[Subsystems] Discovering subsystems at path C:/Program Files/Unity Installs/2020.3.8f1/Editor/Data/Resources/UnitySubsystems
[Subsystems] Discovering subsystems at path C:/Users/hunte/Documents/Unity Projects/ProjectTethered/Assets
GfxDevice: creating device client; threaded=0
Direct3D:
    Version:  Direct3D 11.0 [level 11.1]
    Renderer: NVIDIA GeForce RTX 2080 (ID=0x1e82)
    Vendor:   
    VRAM:     8010 MB
    Driver:   27.21.14.6627
Initialize mono
Mono path[0] = 'C:/Program Files/Unity Installs/2020.3.8f1/Editor/Data/Managed'
Mono path[1] = 'C:/Program Files/Unity Installs/2020.3.8f1/Editor/Data/MonoBleedingEdge/lib/mono/unityjit'
Mono config path = 'C:/Program Files/Unity Installs/2020.3.8f1/Editor/Data/MonoBleedingEdge/etc'
Using monoOptions --debugger-agent=transport=dt_socket,embedding=1,server=y,suspend=n,address=127.0.0.1:56648
Begin MonoManager ReloadAssembly
Registering precompiled unity dll's ...
Register platform support module: C:/Program Files/Unity Installs/2020.3.8f1/Editor/Data/PlaybackEngines/MacStandaloneSupport/UnityEditor.OSXStandalone.Extensions.dll
Register platform support module: C:/Program Files/Unity Installs/2020.3.8f1/Editor/Data/PlaybackEngines/WindowsStandaloneSupport/UnityEditor.WindowsStandalone.Extensions.dll
Registered in 0.001829 seconds.
Native extension for WindowsStandalone target not found
Native extension for OSXStandalone target not found
Refreshing native plugins compatible for Editor in 23.52 ms, found 0 plugins.
Preloading 0 native plugins for Editor in 0.00 ms.
Mono: successfully reloaded assembly
- Completed reload, in  0.897 seconds
Platform modules already initialized, skipping
Registering precompiled user dll's ...
Registered in 0.000689 seconds.
Begin MonoManager ReloadAssembly
Native extension for WindowsStandalone target not found
Native extension for OSXStandalone target not found
Refreshing native plugins compatible for Editor in 0.26 ms, found 0 plugins.
Preloading 0 native plugins for Editor in 0.00 ms.
Mono: successfully reloaded assembly
- Completed reload, in  0.675 seconds
Platform modules already initialized, skipping
========================================================================
Worker process is ready to serve import requests
Launched and connected shader compiler UnityShaderCompiler.exe after 0.03 seconds
Refreshing native plugins compatible for Editor in 0.25 ms, found 0 plugins.
Preloading 0 native plugins for Editor in 0.00 ms.
Unloading 1202 Unused Serialized files (Serialized files now loaded: 0)
System memory in use before: 60.0 MB.
System memory in use after: 60.0 MB.

Unloading 14 unused Assets to reduce memory usage. Loaded Objects now: 1650.
Total: 1.744500 ms (FindLiveObjects: 0.162000 ms CreateObjectMapping: 0.036500 ms MarkObjects: 1.471300 ms  DeleteObjects: 0.073600 ms)

========================================================================
Received Import Request.
  path: Assets/Art/WhitePixel.png
  artifactKey: Guid(7bfe6ba526c7fc945a28bf39cf015bf5) Importer(815301076,1909f56bfc062723c751e8b465ee728b)
Start importing Assets/Art/WhitePixel.png using Guid(7bfe6ba526c7fc945a28bf39cf015bf5) Importer(815301076,1909f56bfc062723c751e8b465ee728b)  -> (artifact id: 'c08b80ea8db7e7e818a05151dec8a108') in 0.040479 seconds
  Import took 0.042241 seconds .

========================================================================
Received Import Request.
  Time since last request: 0.996159 seconds.
  path: Assets/Art/WhitePixel.png
  artifactKey: Guid(7bfe6ba526c7fc945a28bf39cf015bf5) Importer(815301076,1909f56bfc062723c751e8b465ee728b)
Start importing Assets/Art/WhitePixel.png using Guid(7bfe6ba526c7fc945a28bf39cf015bf5) Importer(815301076,1909f56bfc062723c751e8b465ee728b)  -> (artifact id: 'c08b80ea8db7e7e818a05151dec8a108') in 0.004058 seconds
  Import took 0.005770 seconds .

========================================================================
Received Import Request.
  Time since last request: 7.747085 seconds.
  path: Assets/Art/WhitePixel.png
  artifactKey: Guid(7bfe6ba526c7fc945a28bf39cf015bf5) Importer(815301076,1909f56bfc062723c751e8b465ee728b)
Start importing Assets/Art/WhitePixel.png using Guid(7bfe6ba526c7fc945a28bf39cf015bf5) Importer(815301076,1909f56bfc062723c751e8b465ee728b)  -> (artifact id: '0bcea8cfafefb117588475dd1ff87218') in 0.035894 seconds
  Import took 0.038048 seconds .

========================================================================
Received Import Request.
  Time since last request: 105.071850 seconds.
  path: Assets/Art/WhitePixel.png
  artifactKey: Guid(7bfe6ba526c7fc945a28bf39cf015bf5) Importer(815301076,1909f56bfc062723c751e8b465ee728b)
Start importing Assets/Art/WhitePixel.png using Guid(7bfe6ba526c7fc945a28bf39cf015bf5) Importer(815301076,1909f56bfc062723c751e8b465ee728b)  -> (artifact id: 'd3adebca1595d3c6eeffd1e87748c805') in 0.006493 seconds
  Import took 0.008495 seconds .

========================================================================
Received Prepare
Registering precompiled user dll's ...
Registered in 0.000583 seconds.
Begin MonoManager ReloadAssembly
Native extension for WindowsStandalone target not found
Native extension for OSXStandalone target not found
Refreshing native plugins compatible for Editor in 0.27 ms, found 0 plugins.
Preloading 0 native plugins for Editor in 0.00 ms.
Mono: successfully reloaded assembly
- Completed reload, in  0.634 seconds
Platform modules already initialized, skipping
Refreshing native plugins compatible for Editor in 0.22 ms, found 0 plugins.
Preloading 0 native plugins for Editor in 0.00 ms.
Unloading 1197 Unused Serialized files (Serialized files now loaded: 0)
System memory in use before: 63.0 MB.
System memory in use after: 63.1 MB.

Unloading 5 unused Assets to reduce memory usage. Loaded Objects now: 1659.
Total: 1.600100 ms (FindLiveObjects: 0.150500 ms CreateObjectMapping: 0.027000 ms MarkObjects: 1.372800 ms  DeleteObjects: 0.049000 ms)

========================================================================
Received Prepare
Registering precompiled user dll's ...
Registered in 0.000565 seconds.
Begin MonoManager ReloadAssembly
Native extension for WindowsStandalone target not found
Native extension for OSXStandalone target not found
Refreshing native plugins compatible for Editor in 0.28 ms, found 0 plugins.
Preloading 0 native plugins for Editor in 0.00 ms.
Mono: successfully reloaded assembly
- Completed reload, in  0.659 seconds
Platform modules already initialized, skipping
Refreshing native plugins compatible for Editor in 0.27 ms, found 0 plugins.
Preloading 0 native plugins for Editor in 0.00 ms.
Unloading 1197 Unused Serialized files (Serialized files now loaded: 0)
System memory in use before: 63.0 MB.
System memory in use after: 63.1 MB.

Unloading 5 unused Assets to reduce memory usage. Loaded Objects now: 1662.
Total: 1.643700 ms (FindLiveObjects: 0.160300 ms CreateObjectMapping: 0.029900 ms MarkObjects: 1.402500 ms  DeleteObjects: 0.050000 ms)

========================================================================
Received Prepare
Registering precompiled user dll's ...
Registered in 0.000530 seconds.
Begin MonoManager ReloadAssembly
Native extension for WindowsStandalone target not found
Native extension for OSXStandalone target not found
Refreshing native plugins compatible for Editor in 0.27 ms, found 0 plugins.
Preloading 0 native plugins for Editor in 0.00 ms.
Mono: successfully reloaded assembly
- Completed reload, in  0.647 seconds
Platform modules already initialized, skipping
Refreshing native plugins compatible for Editor in 0.29 ms, found 0 plugins.
Preloading 0 native plugins for Editor in 0.00 ms.
Unloading 1197 Unused Serialized files (Serialized files now loaded: 0)
System memory in use before: 63.0 MB.
System memory in use after: 63.1 MB.

Unloading 5 unused Assets to reduce memory usage. Loaded Objects now: 1665.
Total: 1.621200 ms (FindLiveObjects: 0.153500 ms CreateObjectMapping: 0.028000 ms MarkObjects: 1.389100 ms  DeleteObjects: 0.049700 ms)

========================================================================
Received Prepare
Registering precompiled user dll's ...
Registered in 0.000598 seconds.
Begin MonoManager ReloadAssembly
Native extension for WindowsStandalone target not found
Native extension for OSXStandalone target not found
Refreshing native plugins compatible for Editor in 0.26 ms, found 0 plugins.
Preloading 0 native plugins for Editor in 0.00 ms.
Mono: successfully reloaded assembly
- Completed reload, in  0.630 seconds
Platform modules already initialized, skipping
Refreshing native plugins compatible for Editor in 0.21 ms, found 0 plugins.
Preloading 0 native plugins for Editor in 0.00 ms.
Unloading 1197 Unused Serialized files (Serialized files now loaded: 0)
System memory in use before: 63.0 MB.
System memory in use after: 63.1 MB.

Unloading 5 unused Assets to reduce memory usage. Loaded Objects now: 1668.
Total: 1.543900 ms (FindLiveObjects: 0.151100 ms CreateObjectMapping: 0.027700 ms MarkObjects: 1.323500 ms  DeleteObjects: 0.040800 ms)

========================================================================
Received Prepare
Registering precompiled user dll's ...
Registered in 0.000569 seconds.
Begin MonoManager ReloadAssembly
Native extension for WindowsStandalone target not found
Native extension for OSXStandalone target not found
Refreshing native plugins compatible for Editor in 0.25 ms, found 0 plugins.
Preloading 0 native plugins for Editor in 0.00 ms.
Mono: successfully reloaded assembly
- Completed reload, in  0.634 seconds
Platform modules already initialized, skipping
Refreshing native plugins compatible for Editor in 0.25 ms, found 0 plugins.
Preloading 0 native plugins for Editor in 0.00 ms.
Unloading 1197 Unused Serialized files (Serialized files now loaded: 0)
System memory in use before: 63.0 MB.
System memory in use after: 63.1 MB.

Unloading 5 unused Assets to reduce memory usage. Loaded Objects now: 1671.
Total: 1.526900 ms (FindLiveObjects: 0.152400 ms CreateObjectMapping: 0.026800 ms MarkObjects: 1.307400 ms  DeleteObjects: 0.039600 ms)

========================================================================
Received Prepare
Registering precompiled user dll's ...
Registered in 0.000583 seconds.
Begin MonoManager ReloadAssembly
Native extension for WindowsStandalone target not found
Native extension for OSXStandalone target not found
Refreshing native plugins compatible for Editor in 0.26 ms, found 0 plugins.
Preloading 0 native plugins for Editor in 0.00 ms.
Mono: successfully reloaded assembly
- Completed reload, in  0.643 seconds
Platform modules already initialized, skipping
Refreshing native plugins compatible for Editor in 0.39 ms, found 0 plugins.
Preloading 0 native plugins for Editor in 0.00 ms.
Unloading 1197 Unused Serialized files (Serialized files now loaded: 0)
System memory in use before: 63.0 MB.
System memory in use after: 63.1 MB.

Unloading 5 unused Assets to reduce memory usage. Loaded Objects now: 1674.
Total: 1.721000 ms (FindLiveObjects: 0.222600 ms CreateObjectMapping: 0.037100 ms MarkObjects: 1.406500 ms  DeleteObjects: 0.053700 ms)

========================================================================
Received Prepare
Registering precompiled user dll's ...
Registered in 0.000531 seconds.
Begin MonoManager ReloadAssembly
Native extension for WindowsStandalone target not found
Native extension for OSXStandalone target not found
Refreshing native plugins compatible for Editor in 0.40 ms, found 0 plugins.
Preloading 0 native plugins for Editor in 0.00 ms.
Mono: successfully reloaded assembly
- Completed reload, in  0.645 seconds
Platform modules already initialized, skipping
Refreshing native plugins compatible for Editor in 0.25 ms, found 0 plugins.
Preloading 0 native plugins for Editor in 0.00 ms.
Unloading 1197 Unused Serialized files (Serialized files now loaded: 0)
System memory in use before: 63.1 MB.
System memory in use after: 63.1 MB.

Unloading 5 unused Assets to reduce memory usage. Loaded Objects now: 1677.
Total: 1.867300 ms (FindLiveObjects: 0.225600 ms CreateObjectMapping: 0.041500 ms MarkObjects: 1.547200 ms  DeleteObjects: 0.052000 ms)

========================================================================
Received Prepare
Registering precompiled user dll's ...
Registered in 0.000574 seconds.
Begin MonoManager ReloadAssembly
Native extension for WindowsStandalone target not found
Native extension for OSXStandalone target not found
Refreshing native plugins compatible for Editor in 0.26 ms, found 0 plugins.
Preloading 0 native plugins for Editor in 0.00 ms.
Mono: successfully reloaded assembly
- Completed reload, in  0.631 seconds
Platform modules already initialized, skipping
Refreshing native plugins compatible for Editor in 0.26 ms, found 0 plugins.
Preloading 0 native plugins for Editor in 0.00 ms.
Unloading 1197 Unused Serialized files (Serialized files now loaded: 0)
System memory in use before: 63.1 MB.
System memory in use after: 63.1 MB.

Unloading 5 unused Assets to reduce memory usage. Loaded Objects now: 1680.
Total: 1.669700 ms (FindLiveObjects: 0.154900 ms CreateObjectMapping: 0.025300 ms MarkObjects: 1.438800 ms  DeleteObjects: 0.049700 ms)

========================================================================
Received Prepare
Registering precompiled user dll's ...
Registered in 0.000633 seconds.
Begin MonoManager ReloadAssembly
Native extension for WindowsStandalone target not found
Native extension for OSXStandalone target not found
Refreshing native plugins compatible for Editor in 0.28 ms, found 0 plugins.
Preloading 0 native plugins for Editor in 0.00 ms.
Mono: successfully reloaded assembly
- Completed reload, in  0.672 seconds
Platform modules already initialized, skipping
Refreshing native plugins compatible for Editor in 0.29 ms, found 0 plugins.
Preloading 0 native plugins for Editor in 0.00 ms.
Unloading 1197 Unused Serialized files (Serialized files now loaded: 0)
System memory in use before: 63.1 MB.
System memory in use after: 63.1 MB.

Unloading 5 unused Assets to reduce memory usage. Loaded Objects now: 1683.
Total: 1.823500 ms (FindLiveObjects: 0.156700 ms CreateObjectMapping: 0.028200 ms MarkObjects: 1.590800 ms  DeleteObjects: 0.046000 ms)

========================================================================
Received Prepare
Registering precompiled user dll's ...
Registered in 0.000613 seconds.
Begin MonoManager ReloadAssembly
Native extension for WindowsStandalone target not found
Native extension for OSXStandalone target not found
Refreshing native plugins compatible for Editor in 0.25 ms, found 0 plugins.
Preloading 0 native plugins for Editor in 0.00 ms.
Mono: successfully reloaded assembly
- Completed reload, in  0.629 seconds
Platform modules already initialized, skipping
Refreshing native plugins compatible for Editor in 0.25 ms, found 0 plugins.
Preloading 0 native plugins for Editor in 0.00 ms.
Unloading 1197 Unused Serialized files (Serialized files now loaded: 0)
System memory in use before: 63.1 MB.
System memory in use after: 63.2 MB.

Unloading 5 unused Assets to reduce memory usage. Loaded Objects now: 1686.
Total: 1.799400 ms (FindLiveObjects: 0.145800 ms CreateObjectMapping: 0.026600 ms MarkObjects: 1.577500 ms  DeleteObjects: 0.048500 ms)

========================================================================
Received Prepare
Registering precompiled user dll's ...
Registered in 0.000532 seconds.
Begin MonoManager ReloadAssembly
Native extension for WindowsStandalone target not found
Native extension for OSXStandalone target not found
Refreshing native plugins compatible for Editor in 0.27 ms, found 0 plugins.
Preloading 0 native plugins for Editor in 0.00 ms.
Mono: successfully reloaded assembly
- Completed reload, in  0.646 seconds
Platform modules already initialized, skipping
Refreshing native plugins compatible for Editor in 0.25 ms, found 0 plugins.
Preloading 0 native plugins for Editor in 0.00 ms.
Unloading 1197 Unused Serialized files (Serialized files now loaded: 0)
System memory in use before: 63.1 MB.
System memory in use after: 63.2 MB.

Unloading 5 unused Assets to reduce memory usage. Loaded Objects now: 1689.
Total: 1.865700 ms (FindLiveObjects: 0.162100 ms CreateObjectMapping: 0.031600 ms MarkObjects: 1.620100 ms  DeleteObjects: 0.050500 ms)

========================================================================
Received Prepare
Registering precompiled user dll's ...
Registered in 0.000517 seconds.
Begin MonoManager ReloadAssembly
Native extension for WindowsStandalone target not found
Native extension for OSXStandalone target not found
Refreshing native plugins compatible for Editor in 0.26 ms, found 0 plugins.
Preloading 0 native plugins for Editor in 0.00 ms.
Mono: successfully reloaded assembly
- Completed reload, in  0.629 seconds
Platform modules already initialized, skipping
Refreshing native plugins compatible for Editor in 0.26 ms, found 0 plugins.
Preloading 0 native plugins for Editor in 0.00 ms.
Unloading 1197 Unused Serialized files (Serialized files now loaded: 0)
System memory in use before: 63.1 MB.
System memory in use after: 63.2 MB.

Unloading 5 unused Assets to reduce memory usage. Loaded Objects now: 1692.
Total: 1.508300 ms (FindLiveObjects: 0.147800 ms CreateObjectMapping: 0.027000 ms MarkObjects: 1.292300 ms  DeleteObjects: 0.040500 ms)

========================================================================
Received Prepare
Registering precompiled user dll's ...
Registered in 0.000615 seconds.
Begin MonoManager ReloadAssembly
Native extension for WindowsStandalone target not found
Native extension for OSXStandalone target not found
Refreshing native plugins compatible for Editor in 0.26 ms, found 0 plugins.
Preloading 0 native plugins for Editor in 0.00 ms.
Mono: successfully reloaded assembly
- Completed reload, in  0.638 seconds
Platform modules already initialized, skipping
Refreshing native plugins compatible for Editor in 0.25 ms, found 0 plugins.
Preloading 0 native plugins for Editor in 0.00 ms.
Unloading 1197 Unused Serialized files (Serialized files now loaded: 0)
System memory in use before: 63.1 MB.
System memory in use after: 63.2 MB.

Unloading 5 unused Assets to reduce memory usage. Loaded Objects now: 1695.
Total: 1.820400 ms (FindLiveObjects: 0.146200 ms CreateObjectMapping: 0.027000 ms MarkObjects: 1.593700 ms  DeleteObjects: 0.052300 ms)

========================================================================
Received Import Request.
  Time since last request: 1846.850997 seconds.
  path: Assets/Scripts/Plate.cs
  artifactKey: Guid(b5713bc44e6a2be4d991eac26e004183) Importer(815301076,1909f56bfc062723c751e8b465ee728b)
Start importing Assets/Scripts/Plate.cs using Guid(b5713bc44e6a2be4d991eac26e004183) Importer(815301076,1909f56bfc062723c751e8b465ee728b)  -> (artifact id: '2e59f3b2d5c315f1618b7753b7345080') in 0.006058 seconds
  Import took 0.007990 seconds .

========================================================================
Received Import Request.
  Time since last request: 5.378250 seconds.
  path: Assets/Scripts/Buttons.cs
  artifactKey: Guid(21e4bcfd2f98a67438710326aeb53930) Importer(815301076,1909f56bfc062723c751e8b465ee728b)
Start importing Assets/Scripts/Buttons.cs using Guid(21e4bcfd2f98a67438710326aeb53930) Importer(815301076,1909f56bfc062723c751e8b465ee728b)  -> (artifact id: '49ccdfe11df3d41b8ce46d7b28719adc') in 0.002132 seconds
  Import took 0.004122 seconds .

========================================================================
Received Prepare
Registering precompiled user dll's ...
Registered in 0.000531 seconds.
Begin MonoManager ReloadAssembly
Native extension for WindowsStandalone target not found
Native extension for OSXStandalone target not found
Refreshing native plugins compatible for Editor in 0.26 ms, found 0 plugins.
Preloading 0 native plugins for Editor in 0.00 ms.
Mono: successfully reloaded assembly
- Completed reload, in  0.675 seconds
Platform modules already initialized, skipping
Refreshing native plugins compatible for Editor in 0.25 ms, found 0 plugins.
Preloading 0 native plugins for Editor in 0.00 ms.
Unloading 1198 Unused Serialized files (Serialized files now loaded: 0)
System memory in use before: 63.1 MB.
System memory in use after: 63.2 MB.

Unloading 5 unused Assets to reduce memory usage. Loaded Objects now: 1699.
Total: 1.917300 ms (FindLiveObjects: 0.176900 ms CreateObjectMapping: 0.027900 ms MarkObjects: 1.639900 ms  DeleteObjects: 0.070600 ms)

========================================================================
Received Prepare
Registering precompiled user dll's ...
Registered in 0.000514 seconds.
Begin MonoManager ReloadAssembly
Native extension for WindowsStandalone target not found
Native extension for OSXStandalone target not found
Refreshing native plugins compatible for Editor in 0.27 ms, found 0 plugins.
Preloading 0 native plugins for Editor in 0.00 ms.
Mono: successfully reloaded assembly
- Completed reload, in  0.641 seconds
Platform modules already initialized, skipping
Refreshing native plugins compatible for Editor in 0.24 ms, found 0 plugins.
Preloading 0 native plugins for Editor in 0.00 ms.
Unloading 1198 Unused Serialized files (Serialized files now loaded: 0)
System memory in use before: 63.1 MB.
System memory in use after: 63.2 MB.

Unloading 5 unused Assets to reduce memory usage. Loaded Objects now: 1702.
Total: 1.847500 ms (FindLiveObjects: 0.147700 ms CreateObjectMapping: 0.026500 ms MarkObjects: 1.622600 ms  DeleteObjects: 0.049600 ms)

========================================================================
Received Import Request.
  Time since last request: 307.910489 seconds.
  path: Assets/Scripts/Buttons.cs
  artifactKey: Guid(21e4bcfd2f98a67438710326aeb53930) Importer(815301076,1909f56bfc062723c751e8b465ee728b)
Start importing Assets/Scripts/Buttons.cs using Guid(21e4bcfd2f98a67438710326aeb53930) Importer(815301076,1909f56bfc062723c751e8b465ee728b)  -> (artifact id: 'f028807debce964b436804f56d27f080') in 0.003912 seconds
  Import took 0.005738 seconds .

========================================================================
Received Import Request.
  Time since last request: 1468.249645 seconds.
  path: Assets/Art/Sprites/Buttons
  artifactKey: Guid(3a001bae4803b2349b806e6de6a508e2) Importer(815301076,1909f56bfc062723c751e8b465ee728b)
Start importing Assets/Art/Sprites/Buttons using Guid(3a001bae4803b2349b806e6de6a508e2) Importer(815301076,1909f56bfc062723c751e8b465ee728b)  -> (artifact id: '6cc85bc209df3ff83e08443516ce1f16') in 0.001795 seconds
  Import took 0.003737 seconds .

========================================================================
Received Import Request.
  Time since last request: 7.398201 seconds.
  path: Assets/Art/Sprites/Buttons/Button-Close.png
  artifactKey: Guid(a2da333f086a9dd418b6038bb869dc67) Importer(815301076,1909f56bfc062723c751e8b465ee728b)
Start importing Assets/Art/Sprites/Buttons/Button-Close.png using Guid(a2da333f086a9dd418b6038bb869dc67) Importer(815301076,1909f56bfc062723c751e8b465ee728b)  -> (artifact id: 'f31fea1a9337206b27914f7ccfe430b1') in 0.034110 seconds
  Import took 0.036041 seconds .

========================================================================
Received Import Request.
  Time since last request: 0.479594 seconds.
  path: Assets/Art/Sprites/Buttons/Button-MainMenu.png
  artifactKey: Guid(9fedaae7a60d5914883dda4a4a547b48) Importer(815301076,1909f56bfc062723c751e8b465ee728b)
Start importing Assets/Art/Sprites/Buttons/Button-MainMenu.png using Guid(9fedaae7a60d5914883dda4a4a547b48) Importer(815301076,1909f56bfc062723c751e8b465ee728b)  -> (artifact id: 'd13d0ee086a2872a013465b8aa489d8c') in 0.006398 seconds
  Import took 0.008467 seconds .

========================================================================
Received Import Request.
  Time since last request: 16.936100 seconds.
  path: Assets/Art/Sprites/Buttons/Button-MainMenu.png
  artifactKey: Guid(9fedaae7a60d5914883dda4a4a547b48) Importer(815301076,1909f56bfc062723c751e8b465ee728b)
Start importing Assets/Art/Sprites/Buttons/Button-MainMenu.png using Guid(9fedaae7a60d5914883dda4a4a547b48) Importer(815301076,1909f56bfc062723c751e8b465ee728b)  -> (artifact id: 'e4f3a9d34ed2de66e55a30e9f85a25ee') in 0.020220 seconds
  Import took 0.022146 seconds .

========================================================================
Received Import Request.
  Time since last request: 1.812844 seconds.
  path: Assets/Art/Sprites/Buttons/Button-Close.png
  artifactKey: Guid(a2da333f086a9dd418b6038bb869dc67) Importer(815301076,1909f56bfc062723c751e8b465ee728b)
Start importing Assets/Art/Sprites/Buttons/Button-Close.png using Guid(a2da333f086a9dd418b6038bb869dc67) Importer(815301076,1909f56bfc062723c751e8b465ee728b)  -> (artifact id: '3f198bd45f30799c4e53296a492370fb') in 0.007567 seconds
  Import took 0.009423 seconds .

========================================================================
Received Prepare
Registering precompiled user dll's ...
Registered in 0.000625 seconds.
Begin MonoManager ReloadAssembly
Native extension for WindowsStandalone target not found
Native extension for OSXStandalone target not found
Refreshing native plugins compatible for Editor in 0.25 ms, found 0 plugins.
Preloading 0 native plugins for Editor in 0.00 ms.
Mono: successfully reloaded assembly
- Completed reload, in  0.670 seconds
Platform modules already initialized, skipping
Refreshing native plugins compatible for Editor in 0.24 ms, found 0 plugins.
Preloading 0 native plugins for Editor in 0.00 ms.
Unloading 1198 Unused Serialized files (Serialized files now loaded: 0)
System memory in use before: 63.2 MB.
System memory in use after: 63.2 MB.

Unloading 5 unused Assets to reduce memory usage. Loaded Objects now: 1709.
Total: 1.587400 ms (FindLiveObjects: 0.152500 ms CreateObjectMapping: 0.027600 ms MarkObjects: 1.363200 ms  DeleteObjects: 0.043400 ms)

========================================================================
Received Prepare
Registering precompiled user dll's ...
Registered in 0.000562 seconds.
Begin MonoManager ReloadAssembly
Native extension for WindowsStandalone target not found
Native extension for OSXStandalone target not found
Refreshing native plugins compatible for Editor in 0.27 ms, found 0 plugins.
Preloading 0 native plugins for Editor in 0.00 ms.
Mono: successfully reloaded assembly
- Completed reload, in  0.621 seconds
Platform modules already initialized, skipping
Refreshing native plugins compatible for Editor in 0.24 ms, found 0 plugins.
Preloading 0 native plugins for Editor in 0.00 ms.
Unloading 1198 Unused Serialized files (Serialized files now loaded: 0)
System memory in use before: 63.2 MB.
System memory in use after: 63.2 MB.

Unloading 5 unused Assets to reduce memory usage. Loaded Objects now: 1712.
Total: 1.846600 ms (FindLiveObjects: 0.155600 ms CreateObjectMapping: 0.030400 ms MarkObjects: 1.607800 ms  DeleteObjects: 0.051600 ms)

========================================================================
Received Prepare
Registering precompiled user dll's ...
Registered in 0.000542 seconds.
Begin MonoManager ReloadAssembly
Native extension for WindowsStandalone target not found
Native extension for OSXStandalone target not found
Refreshing native plugins compatible for Editor in 0.25 ms, found 0 plugins.
Preloading 0 native plugins for Editor in 0.00 ms.
Mono: successfully reloaded assembly
- Completed reload, in  0.629 seconds
Platform modules already initialized, skipping
Refreshing native plugins compatible for Editor in 0.27 ms, found 0 plugins.
Preloading 0 native plugins for Editor in 0.00 ms.
Unloading 1198 Unused Serialized files (Serialized files now loaded: 0)
System memory in use before: 63.2 MB.
System memory in use after: 63.2 MB.

Unloading 5 unused Assets to reduce memory usage. Loaded Objects now: 1715.
Total: 1.871200 ms (FindLiveObjects: 0.168400 ms CreateObjectMapping: 0.027400 ms MarkObjects: 1.625400 ms  DeleteObjects: 0.047800 ms)

========================================================================
Received Prepare
Registering precompiled user dll's ...
Registered in 0.000888 seconds.
Begin MonoManager ReloadAssembly
Native extension for WindowsStandalone target not found
Native extension for OSXStandalone target not found
Refreshing native plugins compatible for Editor in 0.27 ms, found 0 plugins.
Preloading 0 native plugins for Editor in 0.00 ms.
Mono: successfully reloaded assembly
- Completed reload, in  0.648 seconds
Platform modules already initialized, skipping
Refreshing native plugins compatible for Editor in 0.23 ms, found 0 plugins.
Preloading 0 native plugins for Editor in 0.00 ms.
Unloading 1198 Unused Serialized files (Serialized files now loaded: 0)
System memory in use before: 63.2 MB.
System memory in use after: 63.3 MB.

Unloading 5 unused Assets to reduce memory usage. Loaded Objects now: 1718.
Total: 1.703800 ms (FindLiveObjects: 0.125100 ms CreateObjectMapping: 0.026500 ms MarkObjects: 1.498600 ms  DeleteObjects: 0.052400 ms)

========================================================================
Received Import Request.
  Time since last request: 695.389101 seconds.
  path: Assets/Art/Sprites/UI/GameOverImg.png
  artifactKey: Guid(d37bd95eb1d9d394297d751b5047164e) Importer(815301076,1909f56bfc062723c751e8b465ee728b)
Start importing Assets/Art/Sprites/UI/GameOverImg.png using Guid(d37bd95eb1d9d394297d751b5047164e) Importer(815301076,1909f56bfc062723c751e8b465ee728b)  -> (artifact id: '7e7fd3c429dfef5a98e90d7da2895c03') in 0.026293 seconds
  Import took 0.028253 seconds .

========================================================================
Received Import Request.
  Time since last request: 0.010098 seconds.
  path: Assets/Art/Sprites/UI/GameOverImg.png
  artifactKey: Guid(d37bd95eb1d9d394297d751b5047164e) Importer(815301076,1909f56bfc062723c751e8b465ee728b)
Start importing Assets/Art/Sprites/UI/GameOverImg.png using Guid(d37bd95eb1d9d394297d751b5047164e) Importer(815301076,1909f56bfc062723c751e8b465ee728b)  -> (artifact id: '7e7fd3c429dfef5a98e90d7da2895c03') in 0.004531 seconds
  Import took 0.006157 seconds .

========================================================================
Received Import Request.
  Time since last request: 16.634825 seconds.
  path: Assets/Art/Sprites/UI/GameOverImg.png
  artifactKey: Guid(d37bd95eb1d9d394297d751b5047164e) Importer(815301076,1909f56bfc062723c751e8b465ee728b)
Start importing Assets/Art/Sprites/UI/GameOverImg.png using Guid(d37bd95eb1d9d394297d751b5047164e) Importer(815301076,1909f56bfc062723c751e8b465ee728b)  -> (artifact id: 'ee81f79d51ceb961a0ca0fef70140012') in 0.020938 seconds
  Import took 0.022880 seconds .

========================================================================
Received Prepare
Registering precompiled user dll's ...
Registered in 0.000613 seconds.
Begin MonoManager ReloadAssembly
Native extension for WindowsStandalone target not found
Native extension for OSXStandalone target not found
Refreshing native plugins compatible for Editor in 0.25 ms, found 0 plugins.
Preloading 0 native plugins for Editor in 0.00 ms.
Mono: successfully reloaded assembly
- Completed reload, in  0.620 seconds
Platform modules already initialized, skipping
Refreshing native plugins compatible for Editor in 0.23 ms, found 0 plugins.
Preloading 0 native plugins for Editor in 0.00 ms.
Unloading 1198 Unused Serialized files (Serialized files now loaded: 0)
System memory in use before: 63.2 MB.
System memory in use after: 63.3 MB.

Unloading 5 unused Assets to reduce memory usage. Loaded Objects now: 1724.
Total: 1.531500 ms (FindLiveObjects: 0.149600 ms CreateObjectMapping: 0.026800 ms MarkObjects: 1.317400 ms  DeleteObjects: 0.037100 ms)

========================================================================
Received Import Request.
  Time since last request: 454.869966 seconds.
  path: Assets/Art/Sprites/UI/PausedImg.png
  artifactKey: Guid(5e4e1b886596ef14091e0e777a97cd5a) Importer(815301076,1909f56bfc062723c751e8b465ee728b)
Start importing Assets/Art/Sprites/UI/PausedImg.png using Guid(5e4e1b886596ef14091e0e777a97cd5a) Importer(815301076,1909f56bfc062723c751e8b465ee728b)  -> (artifact id: '3c2941def253275e6b2c0764e11fd29d') in 0.026060 seconds
  Import took 0.028122 seconds .

========================================================================
Received Import Request.
  Time since last request: 0.007886 seconds.
  path: Assets/Art/Sprites/UI/PausedImg.png
  artifactKey: Guid(5e4e1b886596ef14091e0e777a97cd5a) Importer(815301076,1909f56bfc062723c751e8b465ee728b)
Start importing Assets/Art/Sprites/UI/PausedImg.png using Guid(5e4e1b886596ef14091e0e777a97cd5a) Importer(815301076,1909f56bfc062723c751e8b465ee728b)  -> (artifact id: '3c2941def253275e6b2c0764e11fd29d') in 0.004686 seconds
  Import took 0.006619 seconds .

========================================================================
Received Import Request.
  Time since last request: 7.322425 seconds.
  path: Assets/Art/Sprites/UI/PausedImg.png
  artifactKey: Guid(5e4e1b886596ef14091e0e777a97cd5a) Importer(815301076,1909f56bfc062723c751e8b465ee728b)
Start importing Assets/Art/Sprites/UI/PausedImg.png using Guid(5e4e1b886596ef14091e0e777a97cd5a) Importer(815301076,1909f56bfc062723c751e8b465ee728b)  -> (artifact id: '279a1e007054153edf2ef64b1a953149') in 0.017888 seconds
  Import took 0.019755 seconds .

========================================================================
Received Import Request.
  Time since last request: 6.027820 seconds.
  path: Assets/Art/Sprites/UI/PausedImg.png
  artifactKey: Guid(5e4e1b886596ef14091e0e777a97cd5a) Importer(815301076,1909f56bfc062723c751e8b465ee728b)
Start importing Assets/Art/Sprites/UI/PausedImg.png using Guid(5e4e1b886596ef14091e0e777a97cd5a) Importer(815301076,1909f56bfc062723c751e8b465ee728b)  -> (artifact id: '76f9bd02f1631fdbb4339e149452a5a5') in 0.007327 seconds
  Import took 0.009321 seconds .

========================================================================
Received Prepare
Registering precompiled user dll's ...
Registered in 0.000503 seconds.
Begin MonoManager ReloadAssembly
Native extension for WindowsStandalone target not found
Native extension for OSXStandalone target not found
Refreshing native plugins compatible for Editor in 0.29 ms, found 0 plugins.
Preloading 0 native plugins for Editor in 0.00 ms.
Mono: successfully reloaded assembly
- Completed reload, in  0.625 seconds
Platform modules already initialized, skipping
Refreshing native plugins compatible for Editor in 0.25 ms, found 0 plugins.
Preloading 0 native plugins for Editor in 0.00 ms.
Unloading 1198 Unused Serialized files (Serialized files now loaded: 0)
System memory in use before: 63.3 MB.
System memory in use after: 63.4 MB.

Unloading 5 unused Assets to reduce memory usage. Loaded Objects now: 1730.
Total: 1.578200 ms (FindLiveObjects: 0.155000 ms CreateObjectMapping: 0.027800 ms MarkObjects: 1.357300 ms  DeleteObjects: 0.036700 ms)

========================================================================
Received Prepare
Registering precompiled user dll's ...
Registered in 0.000550 seconds.
Begin MonoManager ReloadAssembly
Native extension for WindowsStandalone target not found
Native extension for OSXStandalone target not found
Refreshing native plugins compatible for Editor in 0.25 ms, found 0 plugins.
Preloading 0 native plugins for Editor in 0.00 ms.
Mono: successfully reloaded assembly
- Completed reload, in  0.654 seconds
Platform modules already initialized, skipping
Refreshing native plugins compatible for Editor in 0.26 ms, found 0 plugins.
Preloading 0 native plugins for Editor in 0.00 ms.
Unloading 1198 Unused Serialized files (Serialized files now loaded: 0)
System memory in use before: 63.3 MB.
System memory in use after: 63.4 MB.

Unloading 5 unused Assets to reduce memory usage. Loaded Objects now: 1733.
Total: 1.806100 ms (FindLiveObjects: 0.173100 ms CreateObjectMapping: 0.035100 ms MarkObjects: 1.552500 ms  DeleteObjects: 0.044300 ms)

========================================================================
Received Prepare
Registering precompiled user dll's ...
Registered in 0.000557 seconds.
Begin MonoManager ReloadAssembly
Native extension for WindowsStandalone target not found
Native extension for OSXStandalone target not found
Refreshing native plugins compatible for Editor in 0.27 ms, found 0 plugins.
Preloading 0 native plugins for Editor in 0.00 ms.
Mono: successfully reloaded assembly
- Completed reload, in  0.646 seconds
Platform modules already initialized, skipping
Refreshing native plugins compatible for Editor in 0.26 ms, found 0 plugins.
Preloading 0 native plugins for Editor in 0.00 ms.
Unloading 1198 Unused Serialized files (Serialized files now loaded: 0)
System memory in use before: 63.3 MB.
System memory in use after: 63.4 MB.

Unloading 5 unused Assets to reduce memory usage. Loaded Objects now: 1736.
Total: 1.564200 ms (FindLiveObjects: 0.162200 ms CreateObjectMapping: 0.029700 ms MarkObjects: 1.326100 ms  DeleteObjects: 0.045400 ms)

========================================================================
Received Prepare
Registering precompiled user dll's ...
Registered in 0.000531 seconds.
Begin MonoManager ReloadAssembly
Native extension for WindowsStandalone target not found
Native extension for OSXStandalone target not found
Refreshing native plugins compatible for Editor in 0.26 ms, found 0 plugins.
Preloading 0 native plugins for Editor in 0.00 ms.
Mono: successfully reloaded assembly
- Completed reload, in  0.624 seconds
Platform modules already initialized, skipping
Refreshing native plugins compatible for Editor in 0.25 ms, found 0 plugins.
Preloading 0 native plugins for Editor in 0.00 ms.
Unloading 1198 Unused Serialized files (Serialized files now loaded: 0)
System memory in use before: 63.3 MB.
System memory in use after: 63.4 MB.

Unloading 5 unused Assets to reduce memory usage. Loaded Objects now: 1739.
Total: 1.903800 ms (FindLiveObjects: 0.158000 ms CreateObjectMapping: 0.026900 ms MarkObjects: 1.666300 ms  DeleteObjects: 0.051500 ms)

========================================================================
Received Import Request.
  Time since last request: 345.436655 seconds.
  path: Assets/Scenes
  artifactKey: Guid(1dbe9e91ebf72364389f9e5fc7847deb) Importer(815301076,1909f56bfc062723c751e8b465ee728b)
Start importing Assets/Scenes using Guid(1dbe9e91ebf72364389f9e5fc7847deb) Importer(815301076,1909f56bfc062723c751e8b465ee728b)  -> (artifact id: 'b66bc2f54572add655fb3ff3ce069319') in 0.004239 seconds
  Import took 0.006298 seconds .

========================================================================
Received Import Request.
  Time since last request: 11.102713 seconds.
  path: Assets/Scenes/MainMenu.unity
  artifactKey: Guid(6a84c2bea7ecf6c4585a9f7bb09a89e6) Importer(815301076,1909f56bfc062723c751e8b465ee728b)
Start importing Assets/Scenes/MainMenu.unity using Guid(6a84c2bea7ecf6c4585a9f7bb09a89e6) Importer(815301076,1909f56bfc062723c751e8b465ee728b)  -> (artifact id: 'c7a5ddc791905ee654e83f1ea520f152') in 0.009045 seconds
  Import took 0.011136 seconds .

========================================================================
Received Import Request.
  Time since last request: 9.742417 seconds.
  path: Assets/Scenes/SampleScene.unity
  artifactKey: Guid(9fc0d4010bbf28b4594072e72b8655ab) Importer(815301076,1909f56bfc062723c751e8b465ee728b)
Start importing Assets/Scenes/SampleScene.unity using Guid(9fc0d4010bbf28b4594072e72b8655ab) Importer(815301076,1909f56bfc062723c751e8b465ee728b)  -> (artifact id: '2b402dcd9c5774dfedeba41516982470') in 0.002309 seconds
  Import took 0.004075 seconds .

========================================================================
Received Import Request.
  Time since last request: 39.915210 seconds.
  path: Assets/Scenes/MainMenu.unity
  artifactKey: Guid(6a84c2bea7ecf6c4585a9f7bb09a89e6) Importer(815301076,1909f56bfc062723c751e8b465ee728b)
Start importing Assets/Scenes/MainMenu.unity using Guid(6a84c2bea7ecf6c4585a9f7bb09a89e6) Importer(815301076,1909f56bfc062723c751e8b465ee728b)  -> (artifact id: 'df03fe3f663c53e769f3063a1ae9720a') in 0.002002 seconds
  Import took 0.003730 seconds .

========================================================================
Received Import Request.
  Time since last request: 53.583008 seconds.
  path: Assets/Scenes/MainMenu.unity
  artifactKey: Guid(6a84c2bea7ecf6c4585a9f7bb09a89e6) Importer(815301076,1909f56bfc062723c751e8b465ee728b)
Start importing Assets/Scenes/MainMenu.unity using Guid(6a84c2bea7ecf6c4585a9f7bb09a89e6) Importer(815301076,1909f56bfc062723c751e8b465ee728b)  -> (artifact id: '8d7cea932fa2df062a95458648d18d7a') in 0.002245 seconds
  Import took 0.004239 seconds .

========================================================================
Received Import Request.
  Time since last request: 249.550863 seconds.
  path: Assets/Art/Sprites/Buttons/Level1Button.png
  artifactKey: Guid(502975b1daffa3643b88518e2e86de58) Importer(815301076,1909f56bfc062723c751e8b465ee728b)
Start importing Assets/Art/Sprites/Buttons/Level1Button.png using Guid(502975b1daffa3643b88518e2e86de58) Importer(815301076,1909f56bfc062723c751e8b465ee728b)  -> (artifact id: 'de8744f5844e85207c7129cf319073d6') in 0.020037 seconds
  Import took 0.021941 seconds .

========================================================================
Received Import Request.
  Time since last request: 0.015872 seconds.
  path: Assets/Art/Sprites/Buttons/Level1Button.png
  artifactKey: Guid(502975b1daffa3643b88518e2e86de58) Importer(815301076,1909f56bfc062723c751e8b465ee728b)
Start importing Assets/Art/Sprites/Buttons/Level1Button.png using Guid(502975b1daffa3643b88518e2e86de58) Importer(815301076,1909f56bfc062723c751e8b465ee728b)  -> (artifact id: 'de8744f5844e85207c7129cf319073d6') in 0.003937 seconds
  Import took 0.005633 seconds .

========================================================================
Received Import Request.
  Time since last request: 18.937744 seconds.
  path: Assets/Art/Sprites/Buttons/Level1Button.png
  artifactKey: Guid(502975b1daffa3643b88518e2e86de58) Importer(815301076,1909f56bfc062723c751e8b465ee728b)
Start importing Assets/Art/Sprites/Buttons/Level1Button.png using Guid(502975b1daffa3643b88518e2e86de58) Importer(815301076,1909f56bfc062723c751e8b465ee728b)  -> (artifact id: '7c4f5d47617b970405e63a17f45350f3') in 0.020662 seconds
  Import took 0.022608 seconds .

========================================================================
Received Prepare
Registering precompiled user dll's ...
Registered in 0.000610 seconds.
Begin MonoManager ReloadAssembly
Native extension for WindowsStandalone target not found
Native extension for OSXStandalone target not found
Refreshing native plugins compatible for Editor in 0.25 ms, found 0 plugins.
Preloading 0 native plugins for Editor in 0.00 ms.
Mono: successfully reloaded assembly
- Completed reload, in  0.651 seconds
Platform modules already initialized, skipping
Refreshing native plugins compatible for Editor in 0.27 ms, found 0 plugins.
Preloading 0 native plugins for Editor in 0.00 ms.
Unloading 1198 Unused Serialized files (Serialized files now loaded: 0)
System memory in use before: 63.3 MB.
System memory in use after: 63.4 MB.

Unloading 5 unused Assets to reduce memory usage. Loaded Objects now: 1745.
Total: 1.939800 ms (FindLiveObjects: 0.166700 ms CreateObjectMapping: 0.029900 ms MarkObjects: 1.691700 ms  DeleteObjects: 0.050100 ms)

========================================================================
Received Prepare
Registering precompiled user dll's ...
Registered in 0.000623 seconds.
Begin MonoManager ReloadAssembly
Native extension for WindowsStandalone target not found
Native extension for OSXStandalone target not found
Refreshing native plugins compatible for Editor in 0.26 ms, found 0 plugins.
Preloading 0 native plugins for Editor in 0.00 ms.
Mono: successfully reloaded assembly
- Completed reload, in  0.625 seconds
Platform modules already initialized, skipping
Refreshing native plugins compatible for Editor in 0.25 ms, found 0 plugins.
Preloading 0 native plugins for Editor in 0.00 ms.
Unloading 1198 Unused Serialized files (Serialized files now loaded: 0)
System memory in use before: 63.4 MB.
System memory in use after: 63.4 MB.

Unloading 5 unused Assets to reduce memory usage. Loaded Objects now: 1748.
Total: 1.866000 ms (FindLiveObjects: 0.149700 ms CreateObjectMapping: 0.027700 ms MarkObjects: 1.639400 ms  DeleteObjects: 0.048300 ms)

========================================================================
Received Prepare
Registering precompiled user dll's ...
Registered in 0.000557 seconds.
Begin MonoManager ReloadAssembly
Native extension for WindowsStandalone target not found
Native extension for OSXStandalone target not found
Refreshing native plugins compatible for Editor in 0.26 ms, found 0 plugins.
Preloading 0 native plugins for Editor in 0.00 ms.
Mono: successfully reloaded assembly
- Completed reload, in  0.641 seconds
Platform modules already initialized, skipping
Refreshing native plugins compatible for Editor in 0.24 ms, found 0 plugins.
Preloading 0 native plugins for Editor in 0.00 ms.
Unloading 1198 Unused Serialized files (Serialized files now loaded: 0)
System memory in use before: 63.4 MB.
System memory in use after: 63.4 MB.

Unloading 5 unused Assets to reduce memory usage. Loaded Objects now: 1751.
Total: 1.951700 ms (FindLiveObjects: 0.171900 ms CreateObjectMapping: 0.027400 ms MarkObjects: 1.696800 ms  DeleteObjects: 0.054700 ms)

========================================================================
Received Prepare
Registering precompiled user dll's ...
Registered in 0.000565 seconds.
Begin MonoManager ReloadAssembly
Native extension for WindowsStandalone target not found
Native extension for OSXStandalone target not found
Refreshing native plugins compatible for Editor in 0.39 ms, found 0 plugins.
Preloading 0 native plugins for Editor in 0.00 ms.
Mono: successfully reloaded assembly
- Completed reload, in  0.656 seconds
Platform modules already initialized, skipping
Refreshing native plugins compatible for Editor in 0.28 ms, found 0 plugins.
Preloading 0 native plugins for Editor in 0.00 ms.
Unloading 1198 Unused Serialized files (Serialized files now loaded: 0)
System memory in use before: 63.4 MB.
System memory in use after: 63.4 MB.

Unloading 5 unused Assets to reduce memory usage. Loaded Objects now: 1754.
Total: 1.964200 ms (FindLiveObjects: 0.180700 ms CreateObjectMapping: 0.028500 ms MarkObjects: 1.699600 ms  DeleteObjects: 0.053900 ms)

========================================================================
Received Prepare
Registering precompiled user dll's ...
Registered in 0.000606 seconds.
Begin MonoManager ReloadAssembly
Native extension for WindowsStandalone target not found
Native extension for OSXStandalone target not found
Refreshing native plugins compatible for Editor in 0.28 ms, found 0 plugins.
Preloading 0 native plugins for Editor in 0.00 ms.
Mono: successfully reloaded assembly
- Completed reload, in  0.632 seconds
Platform modules already initialized, skipping
Refreshing native plugins compatible for Editor in 0.25 ms, found 0 plugins.
Preloading 0 native plugins for Editor in 0.00 ms.
Unloading 1198 Unused Serialized files (Serialized files now loaded: 0)
System memory in use before: 63.4 MB.
System memory in use after: 63.4 MB.

Unloading 5 unused Assets to reduce memory usage. Loaded Objects now: 1757.
Total: 1.634400 ms (FindLiveObjects: 0.158800 ms CreateObjectMapping: 0.034700 ms MarkObjects: 1.397800 ms  DeleteObjects: 0.041700 ms)

========================================================================
Received Import Request.
  Time since last request: 529.411179 seconds.
  path: Assets/Fonts/PressStart2P-vaV7.ttf
  artifactKey: Guid(4e243916730ddc24ca47da133bcc340f) Importer(815301076,1909f56bfc062723c751e8b465ee728b)
Start importing Assets/Fonts/PressStart2P-vaV7.ttf using Guid(4e243916730ddc24ca47da133bcc340f) Importer(815301076,1909f56bfc062723c751e8b465ee728b)  -> (artifact id: '8719da7d45520f6ee67aba6861755570') in 0.062893 seconds
  Import took 0.064870 seconds .

========================================================================
Received Prepare
Registering precompiled user dll's ...
Registered in 0.000545 seconds.
Begin MonoManager ReloadAssembly
Native extension for WindowsStandalone target not found
Native extension for OSXStandalone target not found
Refreshing native plugins compatible for Editor in 0.28 ms, found 0 plugins.
Preloading 0 native plugins for Editor in 0.00 ms.
Mono: successfully reloaded assembly
- Completed reload, in  0.633 seconds
Platform modules already initialized, skipping
Refreshing native plugins compatible for Editor in 0.24 ms, found 0 plugins.
Preloading 0 native plugins for Editor in 0.00 ms.
Unloading 1198 Unused Serialized files (Serialized files now loaded: 0)
System memory in use before: 63.7 MB.
System memory in use after: 63.8 MB.

Unloading 5 unused Assets to reduce memory usage. Loaded Objects now: 1801.
Total: 1.859000 ms (FindLiveObjects: 0.155300 ms CreateObjectMapping: 0.027600 ms MarkObjects: 1.623600 ms  DeleteObjects: 0.051200 ms)

========================================================================
Received Prepare
Registering precompiled user dll's ...
Registered in 0.000527 seconds.
Begin MonoManager ReloadAssembly
Native extension for WindowsStandalone target not found
Native extension for OSXStandalone target not found
Refreshing native plugins compatible for Editor in 0.28 ms, found 0 plugins.
Preloading 0 native plugins for Editor in 0.00 ms.
Mono: successfully reloaded assembly
- Completed reload, in  0.639 seconds
Platform modules already initialized, skipping
Refreshing native plugins compatible for Editor in 0.25 ms, found 0 plugins.
Preloading 0 native plugins for Editor in 0.00 ms.
Unloading 1198 Unused Serialized files (Serialized files now loaded: 0)
System memory in use before: 63.7 MB.
System memory in use after: 63.8 MB.

Unloading 5 unused Assets to reduce memory usage. Loaded Objects now: 1804.
Total: 1.887400 ms (FindLiveObjects: 0.172800 ms CreateObjectMapping: 0.032900 ms MarkObjects: 1.631000 ms  DeleteObjects: 0.049400 ms)

========================================================================
Received Prepare
Registering precompiled user dll's ...
Registered in 0.000588 seconds.
Begin MonoManager ReloadAssembly
Native extension for WindowsStandalone target not found
Native extension for OSXStandalone target not found
Refreshing native plugins compatible for Editor in 0.25 ms, found 0 plugins.
Preloading 0 native plugins for Editor in 0.00 ms.
Mono: successfully reloaded assembly
- Completed reload, in  0.622 seconds
Platform modules already initialized, skipping
Refreshing native plugins compatible for Editor in 0.24 ms, found 0 plugins.
Preloading 0 native plugins for Editor in 0.00 ms.
Unloading 1198 Unused Serialized files (Serialized files now loaded: 0)
System memory in use before: 63.7 MB.
System memory in use after: 63.8 MB.

Unloading 5 unused Assets to reduce memory usage. Loaded Objects now: 1807.
Total: 1.645900 ms (FindLiveObjects: 0.165900 ms CreateObjectMapping: 0.030600 ms MarkObjects: 1.398100 ms  DeleteObjects: 0.050400 ms)

========================================================================
Received Prepare
Registering precompiled user dll's ...
Registered in 0.000585 seconds.
Begin MonoManager ReloadAssembly
Native extension for WindowsStandalone target not found
Native extension for OSXStandalone target not found
Refreshing native plugins compatible for Editor in 0.26 ms, found 0 plugins.
Preloading 0 native plugins for Editor in 0.00 ms.
Mono: successfully reloaded assembly
- Completed reload, in  0.618 seconds
Platform modules already initialized, skipping
Refreshing native plugins compatible for Editor in 0.26 ms, found 0 plugins.
Preloading 0 native plugins for Editor in 0.00 ms.
Unloading 1198 Unused Serialized files (Serialized files now loaded: 0)
System memory in use before: 63.8 MB.
System memory in use after: 63.8 MB.

Unloading 5 unused Assets to reduce memory usage. Loaded Objects now: 1810.
Total: 1.832800 ms (FindLiveObjects: 0.187900 ms CreateObjectMapping: 0.030000 ms MarkObjects: 1.558700 ms  DeleteObjects: 0.054900 ms)

========================================================================
Received Import Request.
  Time since last request: 883.496877 seconds.
  path: Assets/Scripts/LevelControllers/LevelControllerTest.cs
  artifactKey: Guid(65ed38d35999080499ff67f6db430a7d) Importer(815301076,1909f56bfc062723c751e8b465ee728b)
Start importing Assets/Scripts/LevelControllers/LevelControllerTest.cs using Guid(65ed38d35999080499ff67f6db430a7d) Importer(815301076,1909f56bfc062723c751e8b465ee728b)  -> (artifact id: '28d2cd0a707b468d8e7fbe81ca6d9794') in 0.003985 seconds
  Import took 0.005842 seconds .

========================================================================
Received Import Request.
  Time since last request: 14.142120 seconds.
  path: Assets/Scripts/LevelControllers/LevelController1.cs
  artifactKey: Guid(24225aa4a7f26654491c6c3c124d575b) Importer(815301076,1909f56bfc062723c751e8b465ee728b)
Start importing Assets/Scripts/LevelControllers/LevelController1.cs using Guid(24225aa4a7f26654491c6c3c124d575b) Importer(815301076,1909f56bfc062723c751e8b465ee728b)  -> (artifact id: '875a199e39921ce90abdb9ce88022795') in 0.002082 seconds
  Import took 0.003923 seconds .

========================================================================
Received Prepare
Registering precompiled user dll's ...
Registered in 0.000631 seconds.
Begin MonoManager ReloadAssembly
Native extension for WindowsStandalone target not found
Native extension for OSXStandalone target not found
Refreshing native plugins compatible for Editor in 0.26 ms, found 0 plugins.
Preloading 0 native plugins for Editor in 0.00 ms.
Mono: successfully reloaded assembly
- Completed reload, in  0.650 seconds
Platform modules already initialized, skipping
Refreshing native plugins compatible for Editor in 0.28 ms, found 0 plugins.
Preloading 0 native plugins for Editor in 0.00 ms.
Unloading 1199 Unused Serialized files (Serialized files now loaded: 0)
System memory in use before: 63.8 MB.
System memory in use after: 63.9 MB.

Unloading 5 unused Assets to reduce memory usage. Loaded Objects now: 1814.
Total: 1.859500 ms (FindLiveObjects: 0.188600 ms CreateObjectMapping: 0.031700 ms MarkObjects: 1.579800 ms  DeleteObjects: 0.058400 ms)

========================================================================
Received Prepare
Registering precompiled user dll's ...
Registered in 0.000532 seconds.
Begin MonoManager ReloadAssembly
Native extension for WindowsStandalone target not found
Native extension for OSXStandalone target not found
Refreshing native plugins compatible for Editor in 0.28 ms, found 0 plugins.
Preloading 0 native plugins for Editor in 0.00 ms.
Mono: successfully reloaded assembly
- Completed reload, in  0.636 seconds
Platform modules already initialized, skipping
Refreshing native plugins compatible for Editor in 0.24 ms, found 0 plugins.
Preloading 0 native plugins for Editor in 0.00 ms.
Unloading 1199 Unused Serialized files (Serialized files now loaded: 0)
System memory in use before: 63.8 MB.
System memory in use after: 63.9 MB.

Unloading 5 unused Assets to reduce memory usage. Loaded Objects now: 1817.
Total: 1.636100 ms (FindLiveObjects: 0.159900 ms CreateObjectMapping: 0.027200 ms MarkObjects: 1.400200 ms  DeleteObjects: 0.047800 ms)

========================================================================
Received Import Request.
  Time since last request: 39.797440 seconds.
  path: Assets/Scripts/LevelControllers/LevelController1.cs
  artifactKey: Guid(24225aa4a7f26654491c6c3c124d575b) Importer(815301076,1909f56bfc062723c751e8b465ee728b)
Start importing Assets/Scripts/LevelControllers/LevelController1.cs using Guid(24225aa4a7f26654491c6c3c124d575b) Importer(815301076,1909f56bfc062723c751e8b465ee728b)  -> (artifact id: '2295d928b750ae544c099b6bc19b6509') in 0.003646 seconds
  Import took 0.005472 seconds .

========================================================================
Received Import Request.
  Time since last request: 9.682681 seconds.
  path: Assets/Prefabs/Enemy.prefab
  artifactKey: Guid(77cee2e990e00154b8698e2e9904f70f) Importer(815301076,1909f56bfc062723c751e8b465ee728b)
Start importing Assets/Prefabs/Enemy.prefab using Guid(77cee2e990e00154b8698e2e9904f70f) Importer(815301076,1909f56bfc062723c751e8b465ee728b)  -> (artifact id: '517ebad8ef1b696bcbaa40bc599dfa14') in 0.050927 seconds
  Import took 0.053020 seconds .

========================================================================
Received Import Request.
  Time since last request: 0.012752 seconds.
  path: Assets/Prefabs/Enemy.prefab
  artifactKey: Guid(77cee2e990e00154b8698e2e9904f70f) Importer(815301076,1909f56bfc062723c751e8b465ee728b)
Start importing Assets/Prefabs/Enemy.prefab using Guid(77cee2e990e00154b8698e2e9904f70f) Importer(815301076,1909f56bfc062723c751e8b465ee728b)  -> (artifact id: '517ebad8ef1b696bcbaa40bc599dfa14') in 0.008124 seconds
  Import took 0.010099 seconds .

========================================================================
Received Import Request.
  Time since last request: 13.791118 seconds.
  path: Assets/Scenes/SampleScene.unity
  artifactKey: Guid(9fc0d4010bbf28b4594072e72b8655ab) Importer(815301076,1909f56bfc062723c751e8b465ee728b)
Start importing Assets/Scenes/SampleScene.unity using Guid(9fc0d4010bbf28b4594072e72b8655ab) Importer(815301076,1909f56bfc062723c751e8b465ee728b)  -> (artifact id: '36652ab66bcddd3b65b92394a1965634') in 0.002429 seconds
  Import took 0.004176 seconds .

========================================================================
Received Import Request.
  Time since last request: 4.962622 seconds.
  path: Assets/Scenes/SampleScene 1.unity
  artifactKey: Guid(ad9a8cdfda96027408aedbe2b64f5c71) Importer(815301076,1909f56bfc062723c751e8b465ee728b)
Start importing Assets/Scenes/SampleScene 1.unity using Guid(ad9a8cdfda96027408aedbe2b64f5c71) Importer(815301076,1909f56bfc062723c751e8b465ee728b)  -> (artifact id: 'b8c394c214fd0c6d082bddf12e64cec3') in 0.002463 seconds
  Import took 0.004386 seconds .

========================================================================
Received Import Request.
  Time since last request: 5.575173 seconds.
  path: Assets/Scenes/Level1.unity
  artifactKey: Guid(ad9a8cdfda96027408aedbe2b64f5c71) Importer(815301076,1909f56bfc062723c751e8b465ee728b)
Start importing Assets/Scenes/Level1.unity using Guid(ad9a8cdfda96027408aedbe2b64f5c71) Importer(815301076,1909f56bfc062723c751e8b465ee728b)  -> (artifact id: 'd07f5a0e5496c5e5230783751da652f1') in 0.002304 seconds
  Import took 0.004065 seconds .

========================================================================
Received Import Request.
  Time since last request: 127.681635 seconds.
  path: Assets/Scenes/Level1A.unity
  artifactKey: Guid(2c45d50082f92de40a9653db4b5a02d0) Importer(815301076,1909f56bfc062723c751e8b465ee728b)
Start importing Assets/Scenes/Level1A.unity using Guid(2c45d50082f92de40a9653db4b5a02d0) Importer(815301076,1909f56bfc062723c751e8b465ee728b)  -> (artifact id: '429d835732c27b385b881e7abe7576fe') in 0.002357 seconds
  Import took 0.004237 seconds .

========================================================================
Received Import Request.
  Time since last request: 1.501703 seconds.
  path: Assets/Scenes/Level1.unity
  artifactKey: Guid(ad9a8cdfda96027408aedbe2b64f5c71) Importer(815301076,1909f56bfc062723c751e8b465ee728b)
Start importing Assets/Scenes/Level1.unity using Guid(ad9a8cdfda96027408aedbe2b64f5c71) Importer(815301076,1909f56bfc062723c751e8b465ee728b)  -> (artifact id: '404db71b9bef1f2cb7eb0c39adc59ec3') in 0.002060 seconds
  Import took 0.003776 seconds .

========================================================================
Received Import Request.
  Time since last request: 7.416303 seconds.
  path: Assets/Scenes/MainMenu.unity
  artifactKey: Guid(6a84c2bea7ecf6c4585a9f7bb09a89e6) Importer(815301076,1909f56bfc062723c751e8b465ee728b)
Start importing Assets/Scenes/MainMenu.unity using Guid(6a84c2bea7ecf6c4585a9f7bb09a89e6) Importer(815301076,1909f56bfc062723c751e8b465ee728b)  -> (artifact id: '3f58d58629ae09f7a0cbca800f99c6ff') in 0.002112 seconds
  Import took 0.004010 seconds .

========================================================================
Received Import Request.
  Time since last request: 11.645339 seconds.
  path: Assets/Scenes/SampleScene.unity
  artifactKey: Guid(9fc0d4010bbf28b4594072e72b8655ab) Importer(815301076,1909f56bfc062723c751e8b465ee728b)
Start importing Assets/Scenes/SampleScene.unity using Guid(9fc0d4010bbf28b4594072e72b8655ab) Importer(815301076,1909f56bfc062723c751e8b465ee728b)  -> (artifact id: '2091cb3f7685ca60480e619392bc104b') in 0.002196 seconds
  Import took 0.003936 seconds .

AssetImportWorkerClient::OnTransportError - code=2 error=End of file
